I 2024-09-10 23:04:59:857 C:\Projects\webdriver\cpp\webdriver-server\server.cc(87) Starting WebDriver server on port: '30019' on host: ''
T 2024-09-10 23:04:59:858 C:\Projects\webdriver\cpp\webdriver-server\server.cc(733) Entering Server::PopulateCommandRepository
T 2024-09-10 23:04:59:858 C:\Projects\webdriver\cpp\iedriver\IEServer.cpp(32) Entering IEServer::IEServer
I 2024-09-10 23:04:59:858 C:\Projects\webdriver\cpp\iedriver\IEServer.cpp(33) Driver version: 3.150.1.0 (32-bit)
T 2024-09-10 23:04:59:858 C:\Projects\webdriver\cpp\webdriver-server\server.cc(179) Entering Server::Start
T 2024-09-10 23:04:59:906 C:\Projects\webdriver\cpp\webdriver-server\server.cc(233) Entering Server::ProcessRequest
T 2024-09-10 23:04:59:906 C:\Projects\webdriver\cpp\webdriver-server\server.cc(242) Process request with: URI: /status HTTP verb: GET
body: {}
T 2024-09-10 23:04:59:906 C:\Projects\webdriver\cpp\webdriver-server\server.cc(329) Entering Server::DispatchCommand
T 2024-09-10 23:04:59:906 C:\Projects\webdriver\cpp\webdriver-server\server.cc(682) Entering Server::LookupCommand
D 2024-09-10 23:04:59:906 C:\Projects\webdriver\cpp\webdriver-server\server.cc(338) Command: GET /status {}
T 2024-09-10 23:04:59:906 C:\Projects\webdriver\cpp\iedriver\IEServer.cpp(51) Entering IEServer::GetStatus
T 2024-09-10 23:04:59:907 C:\Projects\webdriver\cpp\webdriver-server\response.cc(81) Entering Response::SetSuccessResponse
T 2024-09-10 23:04:59:907 C:\Projects\webdriver\cpp\webdriver-server\response.cc(87) Entering Response::SetResponse
T 2024-09-10 23:04:59:907 C:\Projects\webdriver\cpp\webdriver-server\response.cc(60) Entering Response::Serialize
D 2024-09-10 23:04:59:907 C:\Projects\webdriver\cpp\webdriver-server\server.cc(421) Response: {
	"value" : 
	{
		"build" : 
		{
			"version" : "3.150.1.0 (32-bit)"
		},
		"message" : "Ready to create session",
		"os" : 
		{
			"arch" : "x64",
			"name" : "windows",
			"version" : "10.0.22621.4036 (WinBuild.160101.0800)"
		},
		"ready" : true
	}
}
T 2024-09-10 23:04:59:907 C:\Projects\webdriver\cpp\webdriver-server\server.cc(474) Entering Server::SendResponseToClient
T 2024-09-10 23:04:59:907 C:\Projects\webdriver\cpp\webdriver-server\response.cc(30) Entering Response::Deserialize
T 2024-09-10 23:04:59:907 C:\Projects\webdriver\cpp\webdriver-server\server.cc(535) Entering Server::SendHttpOk
T 2024-09-10 23:04:59:920 C:\Projects\webdriver\cpp\webdriver-server\server.cc(233) Entering Server::ProcessRequest
T 2024-09-10 23:04:59:920 C:\Projects\webdriver\cpp\webdriver-server\server.cc(297) Entering Server::ReadRequestBody
T 2024-09-10 23:04:59:920 C:\Projects\webdriver\cpp\webdriver-server\server.cc(242) Process request with: URI: /session HTTP verb: POST
body: {
  "desiredCapabilities": {
    "se:ieOptions": {
      "ie.usePerProcessProxy": "true"
    },
    "browserName": "internet explorer",
    "ie.usePerProcessProxy": "true"
  },
  "capabilities": {
    "firstMatch": [
      {
        "browserName": "internet explorer",
        "se:ieOptions": {
          "ie.usePerProcessProxy": "true"
        }
      }
    ]
  }
}
T 2024-09-10 23:04:59:920 C:\Projects\webdriver\cpp\webdriver-server\server.cc(329) Entering Server::DispatchCommand
T 2024-09-10 23:04:59:920 C:\Projects\webdriver\cpp\webdriver-server\server.cc(682) Entering Server::LookupCommand
D 2024-09-10 23:04:59:920 C:\Projects\webdriver\cpp\webdriver-server\server.cc(338) Command: POST /session {
  "desiredCapabilities": {
    "se:ieOptions": {
      "ie.usePerProcessProxy": "true"
    },
    "browserName": "internet explorer",
    "ie.usePerProcessProxy": "true"
  },
  "capabilities": {
    "firstMatch": [
      {
        "browserName": "internet explorer",
        "se:ieOptions": {
          "ie.usePerProcessProxy": "true"
        }
      }
    ]
  }
}
T 2024-09-10 23:04:59:920 C:\Projects\webdriver\cpp\iedriver\IEServer.cpp(42) Entering IEServer::InitializeSession
T 2024-09-10 23:04:59:920 C:\Projects\webdriver\cpp\iedriver\IESession.cpp(45) Entering IESession::Initialize
D 2024-09-10 23:04:59:921 C:\Projects\webdriver\cpp\iedriver\IESession.cpp(60) Mutex acquired for session initalization
T 2024-09-10 23:04:59:921 C:\Projects\webdriver\cpp\iedriver\IECommandExecutor.cpp(743) Entering IECommandExecutor::ThreadProc
T 2024-09-10 23:04:59:926 C:\Projects\webdriver\cpp\iedriver\IECommandExecutor.cpp(74) Entering IECommandExecutor::OnCreate
T 2024-09-10 23:04:59:926 C:\Projects\webdriver\cpp\iedriver\IECommandExecutor.cpp(1470) Entering IECommandExecutor::PopulateElementFinderMethods
T 2024-09-10 23:04:59:926 C:\Projects\webdriver\cpp\iedriver\InputManager.cpp(56) Entering InputManager::InputManager
T 2024-09-10 23:04:59:926 C:\Projects\webdriver\cpp\iedriver\BrowserFactory.cpp(1141) Entering BrowserFactory::GetExecutableLocation
T 2024-09-10 23:04:59:926 C:\Projects\webdriver\cpp\iedriver\RegistryUtilities.cpp(49) Attempting to get registry value  from HKEY_LOCAL_MACHINE\SOFTWARE\Classes\InternetExplorer.Application\CLSID
T 2024-09-10 23:04:59:926 C:\Projects\webdriver\cpp\iedriver\RegistryUtilities.cpp(133) Retrieved value {0002DF01-0000-0000-C000-000000000046}
T 2024-09-10 23:04:59:926 C:\Projects\webdriver\cpp\iedriver\RegistryUtilities.cpp(49) Attempting to get registry value  from HKEY_LOCAL_MACHINE\SOFTWARE\Classes\CLSID\{0002DF01-0000-0000-C000-000000000046}\LocalServer32
T 2024-09-10 23:04:59:926 C:\Projects\webdriver\cpp\iedriver\RegistryUtilities.cpp(133) Retrieved value "%ProgramFiles%\Internet Explorer\iexplore.exe"
T 2024-09-10 23:04:59:926 C:\Projects\webdriver\cpp\iedriver\BrowserFactory.cpp(1190) Entering BrowserFactory::GetIEVersion
T 2024-09-10 23:04:59:927 C:\Projects\webdriver\cpp\iedriver\CommandHandlerRepository.cpp(110) Entering CommandHandlerRepository::PopulateCommandHandlers
T 2024-09-10 23:04:59:928 C:\Projects\webdriver\cpp\iedriver\IESession.cpp(106) Created thread for command executor returns HWND: '001A14E4'
T 2024-09-10 23:04:59:928 C:\Projects\webdriver\cpp\iedriver\IESession.cpp(110) Session id is retrived from command executor window: '7469b086-3219-4f50-94c9-fa9f4c4521d3'
D 2024-09-10 23:04:59:928 C:\Projects\webdriver\cpp\iedriver\IESession.cpp(116) Releasing session initialization mutex
T 2024-09-10 23:04:59:928 C:\Projects\webdriver\cpp\iedriver\IESession.cpp(198) Entering IESession::ExecuteCommand
T 2024-09-10 23:04:59:928 C:\Projects\webdriver\cpp\iedriver\IECommandExecutor.cpp(154) Entering IECommandExecutor::OnSetCommand
T 2024-09-10 23:04:59:928 C:\Projects\webdriver\cpp\webdriver-server\command.cc(31) Entering Command::Deserialize
D 2024-09-10 23:04:59:928 C:\Projects\webdriver\cpp\webdriver-server\command.cc(36) Raw JSON command: { "name" : "newSession", "locator" : { }, "parameters" : {
  "desiredCapabilities": {
    "se:ieOptions": {
      "ie.usePerProcessProxy": "true"
    },
    "browserName": "internet explorer",
    "ie.usePerProcessProxy": "true"
  },
  "capabilities": {
    "firstMatch": [
      {
        "browserName": "internet explorer",
        "se:ieOptions": {
          "ie.usePerProcessProxy": "true"
        }
      }
    ]
  }
} }
T 2024-09-10 23:04:59:928 C:\Projects\webdriver\cpp\webdriver-server\command.cc(31) Entering Command::Deserialize
D 2024-09-10 23:04:59:928 C:\Projects\webdriver\cpp\webdriver-server\command.cc(36) Raw JSON command: { "name" : "newSession", "locator" : { }, "parameters" : {
  "desiredCapabilities": {
    "se:ieOptions": {
      "ie.usePerProcessProxy": "true"
    },
    "browserName": "internet explorer",
    "ie.usePerProcessProxy": "true"
  },
  "capabilities": {
    "firstMatch": [
      {
        "browserName": "internet explorer",
        "se:ieOptions": {
          "ie.usePerProcessProxy": "true"
        }
      }
    ]
  }
} }
T 2024-09-10 23:04:59:928 C:\Projects\webdriver\cpp\iedriver\IECommandExecutor.cpp(176) Entering IECommandExecutor::OnExecCommand
T 2024-09-10 23:04:59:928 C:\Projects\webdriver\cpp\iedriver\IECommandExecutor.cpp(815) Entering IECommandExecutor::DispatchCommand
D 2024-09-10 23:04:59:928 C:\Projects\webdriver\cpp\iedriver\IECommandExecutor.cpp(880) Executing command: newSession
D 2024-09-10 23:04:59:928 C:\Projects\webdriver\cpp\iedriver\CommandHandlers\NewSessionCommandHandler.cpp(48) Found W3C capabilities structure
T 2024-09-10 23:04:59:928 C:\Projects\webdriver\cpp\iedriver\CommandHandlers\NewSessionCommandHandler.cpp(183) Entering NewSessionCommandHandler::ValidateArguments
D 2024-09-10 23:04:59:928 C:\Projects\webdriver\cpp\iedriver\CommandHandlers\NewSessionCommandHandler.cpp(199) Validating alwaysMatch capability set
T 2024-09-10 23:04:59:928 C:\Projects\webdriver\cpp\iedriver\CommandHandlers\NewSessionCommandHandler.cpp(672) Entering NewSessionCommandHandler::ValidateCapabilities
D 2024-09-10 23:04:59:928 C:\Projects\webdriver\cpp\iedriver\CommandHandlers\NewSessionCommandHandler.cpp(673) Validating capabilities object
D 2024-09-10 23:04:59:928 C:\Projects\webdriver\cpp\iedriver\CommandHandlers\NewSessionCommandHandler.cpp(220) Validating firstMatch capability set with index 0
T 2024-09-10 23:04:59:928 C:\Projects\webdriver\cpp\iedriver\CommandHandlers\NewSessionCommandHandler.cpp(672) Entering NewSessionCommandHandler::ValidateCapabilities
D 2024-09-10 23:04:59:928 C:\Projects\webdriver\cpp\iedriver\CommandHandlers\NewSessionCommandHandler.cpp(673) Validating capabilities object
D 2024-09-10 23:04:59:928 C:\Projects\webdriver\cpp\iedriver\CommandHandlers\NewSessionCommandHandler.cpp(722) Found browserName capability. Validating value type is string.
D 2024-09-10 23:04:59:928 C:\Projects\webdriver\cpp\iedriver\CommandHandlers\NewSessionCommandHandler.cpp(989) Found se:ieOptions capability. Validating value type is object.
T 2024-09-10 23:04:59:928 C:\Projects\webdriver\cpp\iedriver\CommandHandlers\NewSessionCommandHandler.cpp(648) Entering NewSessionCommandHandler::MergeCapabilities
T 2024-09-10 23:04:59:928 C:\Projects\webdriver\cpp\iedriver\CommandHandlers\NewSessionCommandHandler.cpp(274) Entering NewSessionCommandHandler::ProcessCapabilities
T 2024-09-10 23:04:59:928 C:\Projects\webdriver\cpp\iedriver\CommandHandlers\NewSessionCommandHandler.cpp(589) Entering NewSessionCommandHandler::MatchCapabilities
D 2024-09-10 23:04:59:928 C:\Projects\webdriver\cpp\iedriver\CommandHandlers\NewSessionCommandHandler.cpp(279) Processing matched capability set with index 0
T 2024-09-10 23:04:59:928 C:\Projects\webdriver\cpp\iedriver\CommandHandlers\NewSessionCommandHandler.cpp(101) Entering NewSessionCommandHandler::GetCapability for capability unhandledPromptBehavior
T 2024-09-10 23:04:59:928 C:\Projects\webdriver\cpp\iedriver\CommandHandlers\NewSessionCommandHandler.cpp(101) Entering NewSessionCommandHandler::GetCapability for capability pageLoadStrategy
T 2024-09-10 23:04:59:928 C:\Projects\webdriver\cpp\iedriver\CommandHandlers\NewSessionCommandHandler.cpp(167) Entering NewSessionCommandHandler::GetPageLoadStrategyValue
T 2024-09-10 23:04:59:928 C:\Projects\webdriver\cpp\iedriver\CommandHandlers\NewSessionCommandHandler.cpp(101) Entering NewSessionCommandHandler::GetCapability for capability strictFileInteractability
T 2024-09-10 23:04:59:928 C:\Projects\webdriver\cpp\iedriver\CommandHandlers\NewSessionCommandHandler.cpp(101) Entering NewSessionCommandHandler::GetCapability for capability timeouts
W 2024-09-10 23:04:59:928 C:\Projects\webdriver\cpp\iedriver\CommandHandlers\NewSessionCommandHandler.cpp(105) Invalid capability setting: timeouts is type null instead of object. Default value will be used: null

T 2024-09-10 23:04:59:928 C:\Projects\webdriver\cpp\iedriver\CommandHandlers\NewSessionCommandHandler.cpp(345) Entering NewSessionCommandHandler::SetTimeoutSettings
T 2024-09-10 23:04:59:928 C:\Projects\webdriver\cpp\iedriver\CommandHandlers\NewSessionCommandHandler.cpp(364) Entering NewSessionCommandHandler::SetBrowserFactorySettings
T 2024-09-10 23:04:59:928 C:\Projects\webdriver\cpp\iedriver\CommandHandlers\NewSessionCommandHandler.cpp(101) Entering NewSessionCommandHandler::GetCapability for capability ignoreProtectedModeSettings
T 2024-09-10 23:04:59:928 C:\Projects\webdriver\cpp\iedriver\CommandHandlers\NewSessionCommandHandler.cpp(101) Entering NewSessionCommandHandler::GetCapability for capability ignoreZoomSetting
T 2024-09-10 23:04:59:929 C:\Projects\webdriver\cpp\iedriver\CommandHandlers\NewSessionCommandHandler.cpp(101) Entering NewSessionCommandHandler::GetCapability for capability browserAttachTimeout
T 2024-09-10 23:04:59:929 C:\Projects\webdriver\cpp\iedriver\CommandHandlers\NewSessionCommandHandler.cpp(101) Entering NewSessionCommandHandler::GetCapability for capability initialBrowserUrl
T 2024-09-10 23:04:59:929 C:\Projects\webdriver\cpp\iedriver\CommandHandlers\NewSessionCommandHandler.cpp(101) Entering NewSessionCommandHandler::GetCapability for capability ie.forceCreateProcessApi
T 2024-09-10 23:04:59:929 C:\Projects\webdriver\cpp\iedriver\CommandHandlers\NewSessionCommandHandler.cpp(101) Entering NewSessionCommandHandler::GetCapability for capability ie.forceShellWindowsApi
T 2024-09-10 23:04:59:929 C:\Projects\webdriver\cpp\iedriver\CommandHandlers\NewSessionCommandHandler.cpp(101) Entering NewSessionCommandHandler::GetCapability for capability ie.browserCommandLineSwitches
T 2024-09-10 23:04:59:929 C:\Projects\webdriver\cpp\iedriver\CommandHandlers\NewSessionCommandHandler.cpp(101) Entering NewSessionCommandHandler::GetCapability for capability ie.ensureCleanSession
T 2024-09-10 23:04:59:929 C:\Projects\webdriver\cpp\iedriver\CommandHandlers\NewSessionCommandHandler.cpp(101) Entering NewSessionCommandHandler::GetCapability for capability ie.edgechromium
T 2024-09-10 23:04:59:929 C:\Projects\webdriver\cpp\iedriver\CommandHandlers\NewSessionCommandHandler.cpp(101) Entering NewSessionCommandHandler::GetCapability for capability ie.edgepath
T 2024-09-10 23:04:59:929 C:\Projects\webdriver\cpp\iedriver\BrowserFactory.cpp(118) Entering BrowserFactory::Initialize
D 2024-09-10 23:04:59:929 C:\Projects\webdriver\cpp\iedriver\BrowserFactory.cpp(128) path before was 

D 2024-09-10 23:04:59:929 C:\Projects\webdriver\cpp\iedriver\BrowserFactory.cpp(130) path after was 0161EF90

T 2024-09-10 23:04:59:929 C:\Projects\webdriver\cpp\iedriver\CommandHandlers\NewSessionCommandHandler.cpp(485) Entering NewSessionCommandHandler::SetInputSettings
T 2024-09-10 23:04:59:929 C:\Projects\webdriver\cpp\iedriver\CommandHandlers\NewSessionCommandHandler.cpp(101) Entering NewSessionCommandHandler::GetCapability for capability nativeEvents
T 2024-09-10 23:04:59:929 C:\Projects\webdriver\cpp\iedriver\CommandHandlers\NewSessionCommandHandler.cpp(101) Entering NewSessionCommandHandler::GetCapability for capability elementScrollBehavior
T 2024-09-10 23:04:59:929 C:\Projects\webdriver\cpp\iedriver\CommandHandlers\NewSessionCommandHandler.cpp(101) Entering NewSessionCommandHandler::GetCapability for capability requireWindowFocus
T 2024-09-10 23:04:59:929 C:\Projects\webdriver\cpp\iedriver\CommandHandlers\NewSessionCommandHandler.cpp(101) Entering NewSessionCommandHandler::GetCapability for capability ie.fileUploadDialogTimeout
T 2024-09-10 23:04:59:929 C:\Projects\webdriver\cpp\iedriver\CommandHandlers\NewSessionCommandHandler.cpp(101) Entering NewSessionCommandHandler::GetCapability for capability enablePersistentHover
T 2024-09-10 23:04:59:929 C:\Projects\webdriver\cpp\iedriver\InputManager.cpp(82) Entering InputManager::Initialize
T 2024-09-10 23:04:59:929 C:\Projects\webdriver\cpp\iedriver\CommandHandlers\NewSessionCommandHandler.cpp(532) Entering NewSessionCommandHandler::CreateReturnedCapabilities
T 2024-09-10 23:04:59:929 C:\Projects\webdriver\cpp\iedriver\IECommandExecutor.cpp(1345) Entering IECommandExecutor::CreateNewBrowser
T 2024-09-10 23:04:59:929 C:\Projects\webdriver\cpp\iedriver\BrowserFactory.cpp(150) Entering BrowserFactory::LaunchBrowserProcess
D 2024-09-10 23:04:59:929 C:\Projects\webdriver\cpp\iedriver\BrowserFactory.cpp(154) Ignoring Protected Mode Settings: 0
D 2024-09-10 23:04:59:929 C:\Projects\webdriver\cpp\iedriver\BrowserFactory.cpp(157) Checking validity of Protected Mode settings.
T 2024-09-10 23:04:59:929 C:\Projects\webdriver\cpp\iedriver\BrowserFactory.cpp(1209) Entering BrowserFactory::ProtectedModeSettingsAreValid
D 2024-09-10 23:04:59:929 C:\Projects\webdriver\cpp\iedriver\BrowserFactory.cpp(1212) Detected IE version: 11, Windows version supports Protected Mode: 1
T 2024-09-10 23:04:59:929 C:\Projects\webdriver\cpp\iedriver\BrowserFactory.cpp(1286) Entering BrowserFactory::GetZoneProtectedModeSetting
D 2024-09-10 23:04:59:929 C:\Projects\webdriver\cpp\iedriver\BrowserFactory.cpp(1303) Found Protected Mode setting value of 3 for zone 1
T 2024-09-10 23:04:59:929 C:\Projects\webdriver\cpp\iedriver\BrowserFactory.cpp(1286) Entering BrowserFactory::GetZoneProtectedModeSetting
D 2024-09-10 23:04:59:929 C:\Projects\webdriver\cpp\iedriver\BrowserFactory.cpp(1307) RegQueryValueEx failed for getting Protected Mode setting for a zone: 2
T 2024-09-10 23:04:59:929 C:\Projects\webdriver\cpp\iedriver\BrowserFactory.cpp(1286) Entering BrowserFactory::GetZoneProtectedModeSetting
D 2024-09-10 23:04:59:929 C:\Projects\webdriver\cpp\iedriver\BrowserFactory.cpp(1307) RegQueryValueEx failed for getting Protected Mode setting for a zone: 3
T 2024-09-10 23:04:59:929 C:\Projects\webdriver\cpp\iedriver\BrowserFactory.cpp(1286) Entering BrowserFactory::GetZoneProtectedModeSetting
D 2024-09-10 23:04:59:929 C:\Projects\webdriver\cpp\iedriver\BrowserFactory.cpp(1307) RegQueryValueEx failed for getting Protected Mode setting for a zone: 4
D 2024-09-10 23:04:59:929 C:\Projects\webdriver\cpp\iedriver\BrowserFactory.cpp(160) Has Valid Protected Mode Settings: 1
T 2024-09-10 23:04:59:929 C:\Projects\webdriver\cpp\iedriver\BrowserFactory.cpp(236) Entering BrowserFactory::IsIELaunchURLAvailable
T 2024-09-10 23:04:59:936 C:\Projects\webdriver\cpp\iedriver\BrowserFactory.cpp(138) Entering BrowserFactory::ClearCache
T 2024-09-10 23:04:59:936 C:\Projects\webdriver\cpp\iedriver\BrowserFactory.cpp(257) Entering BrowserFactory::LaunchBrowserUsingIELaunchURL
D 2024-09-10 23:04:59:936 C:\Projects\webdriver\cpp\iedriver\BrowserFactory.cpp(258) Starting IE using the IELaunchURL API
T 2024-09-10 23:05:00:188 C:\Projects\webdriver\cpp\webdriver-server\server.cc(233) Entering Server::ProcessRequest
T 2024-09-10 23:05:00:189 C:\Projects\webdriver\cpp\webdriver-server\server.cc(242) Process request with: URI: / HTTP verb: GET
body: {}
T 2024-09-10 23:05:00:189 C:\Projects\webdriver\cpp\webdriver-server\server.cc(535) Entering Server::SendHttpOk
T 2024-09-10 23:05:00:290 C:\Projects\webdriver\cpp\webdriver-server\server.cc(233) Entering Server::ProcessRequest
T 2024-09-10 23:05:00:290 C:\Projects\webdriver\cpp\webdriver-server\server.cc(242) Process request with: URI: /favicon.ico HTTP verb: GET
body: {}
T 2024-09-10 23:05:00:290 C:\Projects\webdriver\cpp\webdriver-server\server.cc(329) Entering Server::DispatchCommand
T 2024-09-10 23:05:00:290 C:\Projects\webdriver\cpp\webdriver-server\server.cc(682) Entering Server::LookupCommand
D 2024-09-10 23:05:00:290 C:\Projects\webdriver\cpp\webdriver-server\server.cc(338) Command: GET /favicon.ico {}
T 2024-09-10 23:05:00:290 C:\Projects\webdriver\cpp\webdriver-server\response.cc(94) Entering Response::SetErrorResponse
T 2024-09-10 23:05:00:290 C:\Projects\webdriver\cpp\webdriver-server\response.cc(87) Entering Response::SetResponse
T 2024-09-10 23:05:00:290 C:\Projects\webdriver\cpp\webdriver-server\response.cc(60) Entering Response::Serialize
D 2024-09-10 23:05:00:290 C:\Projects\webdriver\cpp\webdriver-server\server.cc(421) Response: {
	"value" : 
	{
		"error" : "unknown command",
		"message" : "Command not found: GET /favicon.ico",
		"stacktrace" : ""
	}
}
T 2024-09-10 23:05:00:290 C:\Projects\webdriver\cpp\webdriver-server\server.cc(474) Entering Server::SendResponseToClient
T 2024-09-10 23:05:00:290 C:\Projects\webdriver\cpp\webdriver-server\response.cc(30) Entering Response::Deserialize
T 2024-09-10 23:05:00:290 C:\Projects\webdriver\cpp\webdriver-server\server.cc(598) Entering Server::SendHttpNotFound
W 2024-09-10 23:05:25:057 C:\Projects\webdriver\cpp\iedriver\BrowserFactory.cpp(263) -2147024878 [There are no more files.]: Error using IELaunchURL to start IE
W 2024-09-10 23:05:25:057 C:\Projects\webdriver\cpp\iedriver\IECommandExecutor.cpp(1349) Unable to launch browser, received NULL process ID
T 2024-09-10 23:05:25:057 C:\Projects\webdriver\cpp\webdriver-server\response.cc(94) Entering Response::SetErrorResponse
T 2024-09-10 23:05:25:057 C:\Projects\webdriver\cpp\webdriver-server\response.cc(87) Entering Response::SetResponse
D 2024-09-10 23:05:25:057 C:\Projects\webdriver\cpp\iedriver\IECommandExecutor.cpp(883) Command execution for newSession complete
T 2024-09-10 23:05:25:057 C:\Projects\webdriver\cpp\iedriver\IECommandExecutor.cpp(1123) Entering IECommandExecutor::GetCurrentBrowser
T 2024-09-10 23:05:25:057 C:\Projects\webdriver\cpp\iedriver\IECommandExecutor.cpp(1129) Entering IECommandExecutor::GetManagedBrowser
T 2024-09-10 23:05:25:057 C:\Projects\webdriver\cpp\iedriver\IECommandExecutor.cpp(1132) Current command executor is not valid
W 2024-09-10 23:05:25:057 C:\Projects\webdriver\cpp\iedriver\IECommandExecutor.cpp(929) Unable to get current browser
T 2024-09-10 23:05:25:057 C:\Projects\webdriver\cpp\webdriver-server\response.cc(60) Entering Response::Serialize
D 2024-09-10 23:05:25:057 C:\Projects\webdriver\cpp\iedriver\IECommandExecutor.cpp(935) Setting serialized response to {
	"value" : 
	{
		"error" : "session not created",
		"message" : "Unexpected error launching Internet Explorer. IELaunchURL() returned HRESULT 80070012 ('There are no more files.') for URL 'http://localhost:30019/'",
		"stacktrace" : ""
	}
}
D 2024-09-10 23:05:25:057 C:\Projects\webdriver\cpp\iedriver\IECommandExecutor.cpp(936) Is waiting flag: 0
T 2024-09-10 23:05:25:057 C:\Projects\webdriver\cpp\iedriver\IESession.cpp(226) Beginning wait for response length to be not zero
T 2024-09-10 23:05:25:057 C:\Projects\webdriver\cpp\iedriver\IESession.cpp(235) Found non-zero response length
T 2024-09-10 23:05:25:057 C:\Projects\webdriver\cpp\iedriver\IECommandExecutor.cpp(199) Entering IECommandExecutor::OnGetResponse
T 2024-09-10 23:05:25:057 C:\Projects\webdriver\cpp\iedriver\IECommandExecutor.cpp(485) Entering IECommandExecutor::OnIsSessionValid
T 2024-09-10 23:05:25:057 C:\Projects\webdriver\cpp\webdriver-server\response.cc(30) Entering Response::Deserialize
T 2024-09-10 23:05:25:058 C:\Projects\webdriver\cpp\webdriver-server\server.cc(284) Entering Server::ShutDownSession
T 2024-09-10 23:05:25:058 C:\Projects\webdriver\cpp\iedriver\IESession.cpp(126) Entering IESession::ShutDown
T 2024-09-10 23:05:25:058 C:\Projects\webdriver\cpp\iedriver\IESession.cpp(180) Entering IESession::WaitForCommandExecutorExit
D 2024-09-10 23:05:25:058 C:\Projects\webdriver\cpp\iedriver\IESession.cpp(157) Executor shutdown successful!
D 2024-09-10 23:05:25:058 C:\Projects\webdriver\cpp\iedriver\IESession.cpp(165) Posting thread shutdown message
D 2024-09-10 23:05:25:058 C:\Projects\webdriver\cpp\iedriver\IESession.cpp(168) Starting wait for thread completion
D 2024-09-10 23:05:25:058 C:\Projects\webdriver\cpp\iedriver\IECommandExecutor.cpp(793) Shutdown message received
D 2024-09-10 23:05:25:058 C:\Projects\webdriver\cpp\iedriver\IESession.cpp(171) Waiting for thread to end returned 4294967295
D 2024-09-10 23:05:25:058 C:\Projects\webdriver\cpp\webdriver-server\server.cc(421) Response: {
	"value" : 
	{
		"error" : "session not created",
		"message" : "Unexpected error launching Internet Explorer. IELaunchURL() returned HRESULT 80070012 ('There are no more files.') for URL 'http://localhost:30019/'",
		"stacktrace" : ""
	}
}
T 2024-09-10 23:05:25:058 C:\Projects\webdriver\cpp\webdriver-server\server.cc(474) Entering Server::SendResponseToClient
T 2024-09-10 23:05:25:058 C:\Projects\webdriver\cpp\webdriver-server\response.cc(30) Entering Response::Deserialize
T 2024-09-10 23:05:25:058 C:\Projects\webdriver\cpp\webdriver-server\server.cc(577) Entering Server::SendHttpInternalError
D 2024-09-10 23:05:25:058 C:\Projects\webdriver\cpp\iedriver\IECommandExecutor.cpp(129) Entering IECommandExecutor::OnDestroy
D 2024-09-10 23:05:25:058 C:\Projects\webdriver\cpp\iedriver\IECommandExecutor.cpp(131) Clearing managed element cache
D 2024-09-10 23:05:25:058 C:\Projects\webdriver\cpp\iedriver\IECommandExecutor.cpp(134) Closing command handler repository
D 2024-09-10 23:05:25:058 C:\Projects\webdriver\cpp\iedriver\IECommandExecutor.cpp(136) Closing element finder
D 2024-09-10 23:05:25:058 C:\Projects\webdriver\cpp\iedriver\IECommandExecutor.cpp(138) Closing input manager
D 2024-09-10 23:05:25:058 C:\Projects\webdriver\cpp\iedriver\IECommandExecutor.cpp(140) Closing proxy manager
T 2024-09-10 23:05:25:058 C:\Projects\webdriver\cpp\iedriver\ProxyManager.cpp(190) ProxyManager::RestoreProxySettings
D 2024-09-10 23:05:25:058 C:\Projects\webdriver\cpp\iedriver\IECommandExecutor.cpp(142) Closing browser factory
D 2024-09-10 23:05:25:058 C:\Projects\webdriver\cpp\iedriver\IECommandExecutor.cpp(144) Posting quit message
D 2024-09-10 23:05:25:058 C:\Projects\webdriver\cpp\iedriver\IECommandExecutor.cpp(146) Leaving IECommandExecutor::OnDestroy
D 2024-09-10 23:05:25:058 C:\Projects\webdriver\cpp\iedriver\IECommandExecutor.cpp(795) Returned from DestroyWindow()
D 2024-09-10 23:05:25:059 C:\Projects\webdriver\cpp\iedriver\IECommandExecutor.cpp(808) Exited IECommandExecutor thread message loop
